----------
Application: gnome-dictionary - Thread ID: 0 - CALL_SITE = 0

Number of calls: 57067010
Number of nodes of the CCT: 2100161
Number of leaves of the CCT: 1015776 (48%)
Number of internal nodes of the CCT: 1084385 (52%)

CCT maximum depth: 294
CCT average depth of a leaf: 84
CCT maximum degree: 99
CCT average degree of an internal node: 1.94
CCT average weighted degree of an internal node: 2.34

Minimum stack pointer value: 3215524856 (0xbfa903f8)
Maximum stack pointer value: 3215641056 (0xbfaac9e0)
Max stack size: 116200 bytes
Number of stack errors (SP of caller <= SP of callee): 0

Distribution of CCT node calls - aggregate (cct nodes accounting for given fractions of calls):

i    % nodes        % calls        # nodes        # calls        min node freq  (% of calls)   # HCCT nodes   # cold in HCCT  % cold in HCCT  space saving % 
17   0.00           0.81           2              464454         131072         0.229681       25             23              92.00           100.00         
16   0.00           2.43           12             1386154        65536          0.114840       283            271             95.76           99.99          
15   0.00           6.92           65             3946927        32768          0.057420       965            900             93.26           99.95          
14   0.01           12.49          197            7124817        16384          0.028710       1365           1168            85.57           99.94          
13   0.03           23.24          681            13259586       8192           0.014355       2314           1633            70.57           99.89          
12   0.08           32.07          1577           18300556       4096           0.007178       3994           2417            60.52           99.81          
11   0.21           45.20          4306           25792564       2048           0.003589       8005           3699            46.21           99.62          
10   0.31           50.83          6575           29004803       1024           0.001794       12672          6097            48.11           99.40          
9    0.52           56.34          11021          32148846       512            0.000897       20358          9337            45.86           99.03          
8    1.10           63.73          23161          36367854       256            0.000449       38019          14858           39.08           98.19          
7    2.18           70.60          45683          40288889       128            0.000224       70134          24451           34.86           96.66          
6    4.30           77.81          90363          44405031       64             0.000112       128542         38179           29.70           93.88          
5    8.67           85.14          181990         48585759       32             0.000056       224083         42093           18.78           89.33          
4    14.67          90.04          308078         51381105       16             0.000028       357695         49617           13.87           82.97          
3    21.45          92.97          450455         53052686       8              0.000014       556641         106186          19.08           73.50          
2    39.96          96.54          839173         55091673       4              0.000007       913719         74546           8.16            56.49          
1    67.35          98.80          1414478        56381327       2              0.000004       1480406        65928           4.45            29.51          
0    100.00         100.00         2100161        57067010       1              0.000002       2100161        0               0.00            0.00           

Distribution of CCT node calls as a fraction of the total number of calls N:

i    threshold t %          tN             # nodes >= tN  % nodes >= tN  HCCT size   1/t            1/e (e=t/10)   CCT overlap %  space saving % 1/e space saving %
0     100.00000000000000000 57067010       0              0.000          0           1              10             0.000          100.000        100.000           
1      50.00000000000000000 28533505       0              0.000          0           2              20             0.000          100.000        99.999            
2      25.00000000000000000 14266752       0              0.000          0           4              40             0.000          100.000        99.998            
3      12.50000000000000000 7133376        0              0.000          0           8              80             0.000          100.000        99.996            
4       6.25000000000000000 3566688        0              0.000          0           16             160            0.000          100.000        99.992            
5       3.12500000000000000 1783344        0              0.000          0           32             320            0.000          100.000        99.985            
6       1.56250000000000000 891672         0              0.000          0           64             640            0.000          100.000        99.970            
7       0.78125000000000000 445836         0              0.000          0           128            1280           0.000          100.000        99.939            
8       0.39062500000000000 222918         2              0.000          25          256            2560           0.956          99.999         99.878            
9       0.19531250000000000 111459         2              0.000          25          512            5120           0.956          99.999         99.756            
10      0.09765625000000000 55729          26             0.001          710         1024           10240          4.391          99.966         99.512            
11      0.04882812500000000 27864          102            0.005          1017        2048           20480          10.016         99.952         99.025            
12      0.02441406250000000 13932          421            0.020          1785        4096           40960          19.517         99.915         98.050            
13      0.01220703125000000 6966           800            0.038          2479        8192           81920          26.433         99.882         96.099            
14      0.00610351562500000 3483           1846           0.088          4563        16384          163840         35.343         99.783         92.199            
15      0.00305175781250000 1741           4743           0.226          9244        32768          327680         47.728         99.560         84.397            
16      0.00152587890625000 870            7535           0.359          14427       65536          655360         53.542         99.313         68.795            
17      0.00076293945312500 435            12852          0.612          23213       131072         1310720        59.017         98.895         37.590            
18      0.00038146972656250 217            27024          1.287          43464       262144         2100161        66.569         97.930         0.000             
19      0.00019073486328125 108            57165          2.722          82301       524288         2100161        74.146         96.081         0.000             
20      0.00009536743164062 54             112506         5.357          149215      1048576        2100161        81.079         92.895         0.000             
21      0.00004768371582031 27             208089         9.908          251959      2097152        2100161        87.112         88.003         0.000             
22      0.00002384185791016 13             353941         16.853         404475      2100161        2100161        91.584         80.741         0.000             
23      0.00001192092895508 6              599047         28.524         669644      2100161        2100161        95.037         68.115         0.000             
24      0.00000596046447754 3              978217         46.578         1052975     2100161        2100161        97.467         49.862         0.000             
25      0.00000298023223877 1              2100161        100.000        2100161     2100161        2100161        100.000        0.000          0.000             

Distribution of CCT node calls:

i    calls from     calls to       # nodes        % nodes       
0    1              1              685683         32.6          
1    2              3              575305         27.4          
2    4              7              388718         18.5          
3    8              15             142377         6.8           
4    16             31             126088         6.0           
5    32             63             91627          4.4           
6    64             127            44680          2.1           
7    128            255            22522          1.1           
8    256            511            12140          0.6           
9    512            1023           4446           0.2           
10   1024           2047           2269           0.1           
11   2048           4095           2729           0.1           
12   4096           8191           896            0.0           
13   8192           16383          484            0.0           
14   16384          32767          132            0.0           
15   32768          65535          53             0.0           
16   65536          131071         10             0.0           
17   131072         262143         2              0.0           

Distribution of CCT node degrees:

i    degree from    degree to      # int. nodes   % int. nodes  
0    1              1              568614         52.4          
1    2              3              398942         36.8          
2    4              7              109878         10.1          
3    8              15             6627           0.6           
4    16             31             309            0.0           
5    32             63             13             0.0           
6    64             127            2              0.0           
