----------
Application: audacity - Thread ID: 0 - CALL_SITE = 0

Number of calls: 42833036
Number of nodes of the CCT: 2663022
Number of leaves of the CCT: 1289675 (48%)
Number of internal nodes of the CCT: 1373347 (52%)

CCT maximum depth: 169
CCT average depth of a leaf: 58
CCT maximum degree: 215
CCT average degree of an internal node: 1.94
CCT average weighted degree of an internal node: 2.49

Minimum stack pointer value: 3216484024 (0xbfb7a6b8)
Maximum stack pointer value: 3216525376 (0xbfb84840)
Max stack size: 41352 bytes
Number of stack errors (SP of caller <= SP of callee): 0

Distribution of CCT node calls - aggregate (cct nodes accounting for given fractions of calls):

i    % nodes        % calls        # nodes        # calls        min node freq  (% of calls)   # HCCT nodes   # cold in HCCT  % cold in HCCT  space saving % 
18   0.00           1.75           2              750854         262144         0.612014       105            103             98.10           100.00         
17   0.00           2.91           5              1246295        131072         0.306007       127            122             96.06           100.00         
16   0.00           6.40           25             2743073        65536          0.153003       291            266             91.41           99.99          
15   0.00           10.00          55             4284167        32768          0.076502       588            533             90.65           99.98          
14   0.01           15.75          163            6748243        16384          0.038251       948            785             82.81           99.96          
13   0.01           21.29          392            9121069        8192           0.019125       1766           1374            77.80           99.93          
12   0.04           28.63          951            12261356       4096           0.009563       2884           1933            67.02           99.89          
11   0.06           32.39          1550           13871530       2048           0.004781       4435           2885            65.05           99.83          
10   0.13           38.56          3468           16517573       1024           0.002391       7856           4388            55.86           99.70          
9    0.24           43.48          6453           18622997       512            0.001195       14476          8023            55.42           99.46          
8    0.59           50.86          15723          21786624       256            0.000598       28565          12842           44.96           98.93          
7    1.32           58.46          35056          25039403       128            0.000299       56333          21277           37.77           97.88          
6    2.86           66.80          76039          28611443       64             0.000149       116308         40269           34.62           95.63          
5    6.68           77.21          177763         33069531       32             0.000075       225283         47520           21.09           91.54          
4    11.45          83.76          304978         35876978       16             0.000037       367506         62528           17.01           86.20          
3    17.98          88.42          478811         37872303       8              0.000019       626773         147962          23.61           76.46          
2    34.05          93.95          906634         40241769       4              0.000009       1006277        99643           9.90            62.21          
1    59.45          97.48          1583135        41753149       2              0.000005       1690602        107467          6.36            36.52          
0    100.00         100.00         2663022        42833036       1              0.000002       2663022        0               0.00            0.00           

Distribution of CCT node calls as a fraction of the total number of calls N:

i    threshold t %          tN             # nodes >= tN  % nodes >= tN  HCCT size   1/t            1/e (e=t/10)   CCT overlap %  space saving % 1/e space saving %
0     100.00000000000000000 42833036       0              0.000          0           1              10             0.000          100.000        100.000           
1      50.00000000000000000 21416518       0              0.000          0           2              20             0.000          100.000        99.999            
2      25.00000000000000000 10708259       0              0.000          0           4              40             0.000          100.000        99.998            
3      12.50000000000000000 5354129        0              0.000          0           8              80             0.000          100.000        99.997            
4       6.25000000000000000 2677064        0              0.000          0           16             160            0.000          100.000        99.994            
5       3.12500000000000000 1338532        0              0.000          0           32             320            0.000          100.000        99.988            
6       1.56250000000000000 669266         0              0.000          0           64             640            0.000          100.000        99.976            
7       0.78125000000000000 334633         2              0.000          105         128            1280           1.874          99.996         99.952            
8       0.39062500000000000 167316         3              0.000          107         256            2560           2.384          99.996         99.904            
9       0.19531250000000000 83658          11             0.000          259         512            5120           5.108          99.990         99.808            
10      0.09765625000000000 41829          45             0.002          484         1024           10240          9.966          99.982         99.615            
11      0.04882812500000000 20914          123            0.005          825         2048           20480          14.917         99.969         99.231            
12      0.02441406250000000 10457          241            0.009          1119        4096           40960          19.143         99.958         98.462            
13      0.01220703125000000 5228           825            0.031          2520        8192           81920          27.851         99.905         96.924            
14      0.00610351562500000 2614           1207           0.045          3654        16384          163840         31.274         99.863         93.848            
15      0.00305175781250000 1307           2566           0.096          6568        32768          327680         37.102         99.753         87.695            
16      0.00152587890625000 653            5259           0.197          12151       65536          655360         42.981         99.544         75.390            
17      0.00076293945312500 326            10722          0.403          21563       131072         1310720        48.716         99.190         50.781            
18      0.00038146972656250 163            24682          0.927          42916       262144         2621440        56.408         98.388         1.561             
19      0.00019073486328125 81             56393          2.118          89004       524288         2663022        64.931         96.658         0.000             
20      0.00009536743164062 40             138741         5.210          183249      1048576        2663022        75.235         93.119         0.000             
21      0.00004768371582031 20             265041         9.953          321901      2097152        2663022        82.984         87.912         0.000             
22      0.00002384185791016 10             437620         16.433         508595      2663022        2663022        88.175         80.902         0.000             
23      0.00001192092895508 5              732747         27.516         820521      2663022        2663022        92.761         69.188         0.000             
24      0.00000596046447754 2              1583135        59.449         1690602     2663022        2663022        97.730         36.516         0.000             
25      0.00000298023223877 1              2663022        100.000        2663022     2663022        2663022        100.000        0.000          0.000             

Distribution of CCT node calls:

i    calls from     calls to       # nodes        % nodes       
0    1              1              1079887        40.6          
1    2              3              676501         25.4          
2    4              7              427823         16.1          
3    8              15             173833         6.5           
4    16             31             127215         4.8           
5    32             63             101724         3.8           
6    64             127            40983          1.5           
7    128            255            19333          0.7           
8    256            511            9270           0.3           
9    512            1023           2985           0.1           
10   1024           2047           1918           0.1           
11   2048           4095           599            0.0           
12   4096           8191           559            0.0           
13   8192           16383          229            0.0           
14   16384          32767          108            0.0           
15   32768          65535          30             0.0           
16   65536          131071         20             0.0           
17   131072         262143         3              0.0           
18   262144         524287         2              0.0           

Distribution of CCT node degrees:

i    degree from    degree to      # int. nodes   % int. nodes  
0    1              1              709517         51.7          
1    2              3              515246         37.5          
2    4              7              139276         10.1          
3    8              15             8922           0.6           
4    16             31             370            0.0           
5    32             63             11             0.0           
6    64             127            3              0.0           
7    128            255            2              0.0           
