----------
Application: ps -elf - Thread ID: 0 - CALL_SITE = 0

Number of calls: 297571
Number of nodes of the CCT: 3083
Number of leaves of the CCT: 1563 (51%)
Number of internal nodes of the CCT: 1520 (49%)

CCT maximum depth: 39
CCT average depth of a leaf: 18
CCT maximum degree: 14
CCT average degree of an internal node: 2.03
CCT average weighted degree of an internal node: 3.71

Minimum stack pointer value: 3214296512 (0xbf9645c0)
Maximum stack pointer value: 3214309584 (0xbf9678d0)
Max stack size: 13072 bytes
Number of stack errors (SP of caller <= SP of callee): 0

Distribution of CCT node calls - aggregate (cct nodes accounting for given fractions of calls):

i    % nodes        % calls        # nodes        # calls        min node freq  (% of calls)   # HCCT nodes   # cold in HCCT  % cold in HCCT  space saving % 
14   0.03           6.80           1              20226          16384          5.505913       11             10              90.91           99.64          
13   0.16           21.61          5              64304          8192           2.752956       27             22              81.48           99.12          
12   0.52           37.90          16             112792         4096           1.376478       41             25              60.98           98.67          
11   1.17           55.88          36             166289         2048           0.688239       66             30              45.45           97.86          
10   2.24           71.55          69             212905         1024           0.344120       101            32              31.68           96.72          
9    2.92           76.69          90             228213         512            0.172060       127            37              29.13           95.88          
8    5.35           86.15          165            256369         256            0.086030       211            46              21.80           93.16          
7    9.57           94.03          295            279802         128            0.043015       342            47              13.74           88.91          
6    11.19          95.62          345            284526         64             0.021507       442            97              21.95           85.66          
5    13.10          96.47          404            287065         32             0.010754       554            150             27.08           82.03          
4    18.03          97.64          556            290549         16             0.005377       773            217             28.07           74.93          
3    26.73          98.62          824            293450         8              0.002688       1051           227             21.60           65.91          
2    36.98          99.18          1140           295124         4              0.001344       1436           296             20.61           53.42          
1    48.88          99.47          1507           295995         2              0.000672       1834           327             17.83           40.51          
0    100.00         100.00         3083           297571         1              0.000336       3083           0               0.00            0.00           

Distribution of CCT node calls as a fraction of the total number of calls N:

i    threshold t %          tN             # nodes >= tN  % nodes >= tN  HCCT size   1/t            1/e (e=t/10)   CCT overlap %  space saving % 1/e space saving %
0     100.00000000000000000 297571         0              0.000          0           1              10             0.000          100.000        99.676            
1      50.00000000000000000 148785         0              0.000          0           2              20             0.000          100.000        99.351            
2      25.00000000000000000 74392          0              0.000          0           4              40             0.000          100.000        98.703            
3      12.50000000000000000 37196          0              0.000          0           8              80             0.000          100.000        97.405            
4       6.25000000000000000 18598          1              0.032          11          16             160            7.322          99.643         94.810            
5       3.12500000000000000 9299           4              0.130          26          32             320            21.704         99.157         89.620            
6       1.56250000000000000 4649           8              0.259          33          64             640            30.715         98.930         79.241            
7       0.78125000000000000 2324           36             1.168          66          128            1280           59.521         97.859         58.482            
8       0.39062500000000000 1162           60             1.946          93          256            2560           71.122         96.983         16.964            
9       0.19531250000000000 581            90             2.919          127         512            3083           78.730         95.881         0.000             
10      0.09765625000000000 290            163            5.287          200         1024           3083           87.466         93.513         0.000             
11      0.04882812500000000 145            291            9.439          338         2048           3083           94.209         89.037         0.000             
12      0.02441406250000000 72             341            11.061         439         3083           3083           95.850         85.761         0.000             
13      0.01220703125000000 36             392            12.715         531         3083           3083           96.762         82.777         0.000             
14      0.00610351562500000 18             527            17.094         742         3083           3083           97.865         75.933         0.000             
15      0.00305175781250000 9              824            26.727         1017        3083           3083           98.827         67.013         0.000             
16      0.00152587890625000 4              1140           36.977         1436        3083           3083           99.309         53.422         0.000             
17      0.00076293945312500 2              1507           48.881         1834        3083           3083           99.580         40.512         0.000             
18      0.00038146972656250 1              3083           100.000        3083        3083           3083           100.000        0.000          0.000             

Distribution of CCT node calls:

i    calls from     calls to       # nodes        % nodes       
0    1              1              1576           51.1          
1    2              3              367            11.9          
2    4              7              316            10.2          
3    8              15             268            8.7           
4    16             31             152            4.9           
5    32             63             59             1.9           
6    64             127            50             1.6           
7    128            255            130            4.2           
8    256            511            75             2.4           
9    512            1023           21             0.7           
10   1024           2047           33             1.1           
11   2048           4095           20             0.6           
12   4096           8191           11             0.4           
13   8192           16383          4              0.1           
14   16384          32767          1              0.0           

Distribution of CCT node degrees:

i    degree from    degree to      # int. nodes   % int. nodes  
0    1              1              704            46.3          
1    2              3              649            42.7          
2    4              7              146            9.6           
3    8              15             21             1.4           
