----------
Application: bzip2 test-file - Thread ID: 0 - CALL_SITE = 0

Number of calls: 4779104
Number of nodes of the CCT: 841
Number of leaves of the CCT: 404 (48%)
Number of internal nodes of the CCT: 437 (52%)

CCT maximum depth: 24
CCT average depth of a leaf: 13
CCT maximum degree: 16
CCT average degree of an internal node: 1.92
CCT average weighted degree of an internal node: 1.42

Minimum stack pointer value: 3216436992 (0xbfb6ef00)
Maximum stack pointer value: 3216448736 (0xbfb71ce0)
Max stack size: 11744 bytes
Number of stack errors (SP of caller <= SP of callee): 0

Distribution of CCT node calls - aggregate (cct nodes accounting for given fractions of calls):

i    % nodes        % calls        # nodes        # calls        min node freq  (% of calls)   # HCCT nodes   # cold in HCCT  % cold in HCCT  space saving % 
20   0.24           85.84          2              4102338        1048576        21.940849      14             12              85.71           98.34          
19   0.24           85.84          2              4102338        524288         10.970425      14             12              85.71           98.34          
18   0.24           85.84          2              4102338        262144         5.485212       14             12              85.71           98.34          
17   0.24           85.84          2              4102338        131072         2.742606       14             12              85.71           98.34          
16   0.24           85.84          2              4102338        65536          1.371303       14             12              85.71           98.34          
15   0.48           87.80          4              4196233        32768          0.685652       14             10              71.43           98.34          
14   1.07           90.20          9              4310686        16384          0.342826       18             9               50.00           97.86          
13   3.80           97.82          32             4674705        8192           0.171413       39             7               17.95           95.36          
12   5.71           99.45          48             4752986        4096           0.085706       55             7               12.73           93.46          
11   6.06           99.65          51             4762487        2048           0.042853       60             9               15.00           92.87          
10   6.90           99.85          58             4771705        1024           0.021427       67             9               13.43           92.03          
9    7.02           99.86          59             4772272        512            0.010713       68             9               13.24           91.91          
8    7.37           99.88          62             4773588        256            0.005357       77             15              19.48           90.84          
7    7.97           99.90          67             4774540        128            0.002678       97             30              30.93           88.47          
6    9.16           99.92          77             4775444        64             0.001339       105            28              26.67           87.51          
5    12.25          99.95          103            4776733        32             0.000670       150            47              31.33           82.16          
4    15.70          99.97          132            4777462        16             0.000335       199            67              33.67           76.34          
3    19.38          99.97          163            4777841        8              0.000167       226            63              27.88           73.13          
2    32.10          99.98          270            4778384        4              0.000084       326            56              17.18           61.24          
1    47.21          99.99          397            4778660        2              0.000042       480            83              17.29           42.93          
0    100.00         100.00         841            4779104        1              0.000021       841            0               0.00            0.00           

Distribution of CCT node calls as a fraction of the total number of calls N:

i    threshold t %          tN             # nodes >= tN  % nodes >= tN  HCCT size   1/t            1/e (e=t/10)   CCT overlap %  space saving % 1/e space saving %
0     100.00000000000000000 4779104        0              0.000          0           1              10             0.000          100.000        98.811            
1      50.00000000000000000 2389552        0              0.000          0           2              20             0.000          100.000        97.622            
2      25.00000000000000000 1194776        2              0.238          14          4              40             89.001         98.335         95.244            
3      12.50000000000000000 597388         2              0.238          14          8              80             89.001         98.335         90.488            
4       6.25000000000000000 298694         2              0.238          14          16             160            89.001         98.335         80.975            
5       3.12500000000000000 149347         2              0.238          14          32             320            89.001         98.335         61.950            
6       1.56250000000000000 74673          2              0.238          14          64             640            89.001         98.335         23.900            
7       0.78125000000000000 37336          4              0.476          14          128            841            89.001         98.335         0.000             
8       0.39062500000000000 18668          9              1.070          18          256            841            90.862         97.860         0.000             
9       0.19531250000000000 9334           32             3.805          39          512            841            97.816         95.363         0.000             
10      0.09765625000000000 4667           48             5.707          55          841            841            99.454         93.460         0.000             
11      0.04882812500000000 2333           51             6.064          60          841            841            99.656         92.866         0.000             
12      0.02441406250000000 1166           53             6.302          62          841            841            99.738         92.628         0.000             
13      0.01220703125000000 583            58             6.897          67          841            841            99.849         92.033         0.000             
14      0.00610351562500000 291            62             7.372          77          841            841            99.893         90.844         0.000             
15      0.00305175781250000 145            67             7.967          97          841            841            99.919         88.466         0.000             
16      0.00152587890625000 72             76             9.037          100         841            841            99.925         88.109         0.000             
17      0.00076293945312500 36             102            12.128         147         841            841            99.958         82.521         0.000             
18      0.00038146972656250 18             128            15.220         195         841            841            99.973         76.813         0.000             
19      0.00019073486328125 9              163            19.382         220         841            841            99.978         73.841         0.000             
20      0.00009536743164062 4              270            32.105         326         841            841            99.986         61.237         0.000             
21      0.00004768371582031 2              397            47.206         480         841            841            99.992         42.925         0.000             
22      0.00002384185791016 1              841            100.000        841         841            841            100.000        0.000          0.000             

Distribution of CCT node calls:

i    calls from     calls to       # nodes        % nodes       
0    1              1              444            52.8          
1    2              3              127            15.1          
2    4              7              107            12.7          
3    8              15             31             3.7           
4    16             31             29             3.4           
5    32             63             26             3.1           
6    64             127            10             1.2           
7    128            255            5              0.6           
8    256            511            3              0.4           
9    512            1023           1              0.1           
10   1024           2047           7              0.8           
11   2048           4095           3              0.4           
12   4096           8191           16             1.9           
13   8192           16383          23             2.7           
14   16384          32767          5              0.6           
15   32768          65535          2              0.2           
16   65536          131071         0              0.0           
17   131072         262143         0              0.0           
18   262144         524287         0              0.0           
19   524288         1048575        0              0.0           
20   1048576        2097151        2              0.2           

Distribution of CCT node degrees:

i    degree from    degree to      # int. nodes   % int. nodes  
0    1              1              210            48.1          
1    2              3              187            42.8          
2    4              7              38             8.7           
3    8              15             1              0.2           
4    16             31             1              0.2           
