----------
Application: inkscape - Thread ID: 0 - CALL_SITE = 0

Number of calls: 1170651094
Number of nodes of the CCT: 4178267
Number of leaves of the CCT: 1978359 (47%)
Number of internal nodes of the CCT: 2199908 (53%)

CCT maximum depth: 295
CCT average depth of a leaf: 79
CCT maximum degree: 167
CCT average degree of an internal node: 1.90
CCT average weighted degree of an internal node: 2.72

Minimum stack pointer value: 3217089336 (0xbfc0e338)
Maximum stack pointer value: 3217205808 (0xbfc2aa30)
Max stack size: 116472 bytes
Number of stack errors (SP of caller <= SP of callee): 0

Distribution of CCT node calls - aggregate (cct nodes accounting for given fractions of calls):

i    % nodes        % calls        # nodes        # calls        min node freq  (% of calls)   # HCCT nodes   # cold in HCCT  % cold in HCCT  space saving % 
24   0.00           1.94           1              22694807       16777216       1.433153       31             30              96.77           100.00         
23   0.00           2.80           2              32736315       8388608        0.716576       33             31              93.94           100.00         
22   0.00           23.71          43             277597351      4194304        0.358288       111            68              61.26           100.00         
21   0.00           38.69          101            452889875      2097152        0.179144       311            210             67.52           99.99          
20   0.00           45.22          161            529386641      1048576        0.089572       433            272             62.82           99.99          
19   0.01           50.42          231            590189845      524288         0.044786       721            490             67.96           99.98          
18   0.01           56.07          416            656345878      262144         0.022393       1068           652             61.05           99.97          
17   0.02           63.46          900            742850373      131072         0.011197       2109           1209            57.33           99.95          
16   0.04           70.69          1808           827508709      65536          0.005598       3694           1886            51.06           99.91          
15   0.08           75.95          3178           889095981      32768          0.002799       6296           3118            49.52           99.85          
14   0.11           79.12          4784           926167594      16384          0.001400       8924           4140            46.39           99.79          
13   0.19           82.30          7935           963391402      8192           0.000700       13674          5739            41.97           99.67          
12   0.34           85.42          14192          999937063      4096           0.000350       22219          8027            36.13           99.47          
11   0.64           88.52          26731          1036316064     2048           0.000175       39159          12428           31.74           99.06          
10   1.08           90.76          45002          1062459789     1024           0.000087       63828          18826           29.49           98.47          
9    1.80           92.66          75332          1084758026     512            0.000044       104086         28754           27.63           97.51          
8    3.46           94.90          144568         1110981648     256            0.000022       183500         38932           21.22           95.61          
7    5.85           96.45          244581         1129058126     128            0.000011       301832         57251           18.97           92.78          
6    9.50           97.63          396765         1142911899     64             0.000005       474008         77243           16.30           88.66          
5    15.61          98.56          652028         1153788080     32             0.000003       734593         82565           11.24           82.42          
4    23.41          99.15          978194         1160699968     16             0.000001       1068261        90067           8.43            74.43          
3    30.26          99.43          1264454        1163969252     8              0.000001       1464913        200459          13.68           64.94          
2    44.85          99.71          1873960        1167270896     4              0.000000       2007062        133102          6.63            51.96          
1    66.17          99.88          2764950        1169237777     2              0.000000       2906846        141896          4.88            30.43          
0    100.00         100.00         4178267        1170651094     1              0.000000       4178267        0               0.00            0.00           

Distribution of CCT node calls as a fraction of the total number of calls N:

i    threshold t %          tN             # nodes >= tN  % nodes >= tN  HCCT size   1/t            1/e (e=t/10)   CCT overlap %  space saving % 1/e space saving %
0     100.00000000000000000 1170651094     0              0.000          0           1              10             0.000          100.000        100.000           
1      50.00000000000000000 585325547      0              0.000          0           2              20             0.000          100.000        100.000           
2      25.00000000000000000 292662773      0              0.000          0           4              40             0.000          100.000        99.999            
3      12.50000000000000000 146331386      0              0.000          0           8              80             0.000          100.000        99.998            
4       6.25000000000000000 73165693       0              0.000          0           16             160            0.000          100.000        99.996            
5       3.12500000000000000 36582846       0              0.000          0           32             320            0.000          100.000        99.992            
6       1.56250000000000000 18291423       1              0.000          31          64             640            2.083          99.999         99.985            
7       0.78125000000000000 9145711        2              0.000          33          128            1280           3.121          99.999         99.969            
8       0.39062500000000000 4572855        43             0.001          111         256            2560           24.734         99.997         99.939            
9       0.19531250000000000 2286427        100            0.002          311         512            5120           39.318         99.993         99.877            
10      0.09765625000000000 1143213        144            0.003          411         1024           10240          44.185         99.990         99.755            
11      0.04882812500000000 571606         224            0.005          672         2048           20480          50.774         99.984         99.510            
12      0.02441406250000000 285803         375            0.009          994         4096           40960          56.029         99.976         99.020            
13      0.01220703125000000 142901         827            0.020          2010        8192           81920          63.686         99.952         98.039            
14      0.00610351562500000 71450          1770           0.042          3627        16384          163840         71.233         99.913         96.079            
15      0.00305175781250000 35725          3081           0.074          5920        32768          327680         76.252         99.858         92.158            
16      0.00152587890625000 17862          4640           0.111          8657        65536          655360         79.420         99.793         84.315            
17      0.00076293945312500 8931           7571           0.181          13053       131072         1310720        82.489         99.688         68.630            
18      0.00038146972656250 4465           13231          0.317          20868       262144         2621440        85.487         99.501         37.260            
19      0.00019073486328125 2232           25574          0.612          37275       524288         4178267        88.633         99.108         0.000             
20      0.00009536743164062 1116           42498          1.017          60491       1048576        4178267        90.837         98.552         0.000             
21      0.00004768371582031 558            72177          1.727          99543       2097152        4178267        92.809         97.618         0.000             
22      0.00002384185791016 279            137725         3.296          174856      4178267        4178267        94.956         95.815         0.000             
23      0.00001192092895508 139            230767         5.523          284139      4178267        4178267        96.452         93.200         0.000             
24      0.00000596046447754 69             376369         9.008          443995      4178267        4178267        97.635         89.374         0.000             
25      0.00000298023223877 34             598302         14.319         681147      4178267        4178267        98.494         83.698         0.000             
26      0.00000149011611938 17             937435         22.436         1024427     4178267        4178267        99.140         75.482         0.000             
27      0.00000074505805969 8              1360370        32.558         1464913     4178267        4178267        99.523         64.940         0.000             
28      0.00000037252902985 4              1873960        44.850         2007062     4178267        4178267        99.731         51.964         0.000             
29      0.00000018626451492 2              2764950        66.175         2906846     4178267        4178267        99.891         30.429         0.000             
30      0.00000009313225746 1              4178267        100.000        4178267     4178267        4178267        100.000        0.000          0.000             

Distribution of CCT node calls:

i    calls from     calls to       # nodes        % nodes       
0    1              1              1413317        33.8          
1    2              3              890990         21.3          
2    4              7              609506         14.6          
3    8              15             286260         6.9           
4    16             31             326166         7.8           
5    32             63             255263         6.1           
6    64             127            152184         3.6           
7    128            255            100013         2.4           
8    256            511            69236          1.7           
9    512            1023           30330          0.7           
10   1024           2047           18271          0.4           
11   2048           4095           12539          0.3           
12   4096           8191           6257           0.1           
13   8192           16383          3151           0.1           
14   16384          32767          1606           0.0           
15   32768          65535          1370           0.0           
16   65536          131071         908            0.0           
17   131072         262143         484            0.0           
18   262144         524287         185            0.0           
19   524288         1048575        70             0.0           
20   1048576        2097151        60             0.0           
21   2097152        4194303        58             0.0           
22   4194304        8388607        41             0.0           
23   8388608        16777215       1              0.0           
24   16777216       33554431       1              0.0           

Distribution of CCT node degrees:

i    degree from    degree to      # int. nodes   % int. nodes  
0    1              1              1139325        51.8          
1    2              3              849223         38.6          
2    4              7              198648         9.0           
3    8              15             12173          0.6           
4    16             31             507            0.0           
5    32             63             29             0.0           
6    64             127            2              0.0           
7    128            255            1              0.0           
