----------
Application: gimp - Thread ID: 0 - CALL_SITE = 0

Number of calls: 1092236197
Number of nodes of the CCT: 18605097
Number of leaves of the CCT: 8952173 (48%)
Number of internal nodes of the CCT: 9652924 (52%)

CCT maximum depth: 308
CCT average depth of a leaf: 79
CCT maximum degree: 197
CCT average degree of an internal node: 1.93
CCT average weighted degree of an internal node: 2.19

Minimum stack pointer value: 3213754216 (0xbf8dff68)
Maximum stack pointer value: 3213869088 (0xbf8fc020)
Max stack size: 114872 bytes
Number of stack errors (SP of caller <= SP of callee): 0

Distribution of CCT node calls - aggregate (cct nodes accounting for given fractions of calls):

i    % nodes        % calls        # nodes        # calls        min node freq  (% of calls)   # HCCT nodes   # cold in HCCT  % cold in HCCT  space saving % 
24   0.00           1.89           1              20694064       16777216       1.536043       58             57              98.28           100.00         
23   0.00           2.70           2              29541353       8388608        0.768021       80             78              97.50           100.00         
22   0.00           4.22           5              46042284       4194304        0.384011       100            95              95.00           100.00         
21   0.00           4.47           6              48862672       2097152        0.192005       101            95              94.06           100.00         
20   0.00           5.13           10             56009852       1048576        0.096003       184            174             94.57           100.00         
19   0.00           7.10           42             77559107       524288         0.048001       324            282             87.04           100.00         
18   0.00           9.29           117            101487786      262144         0.024001       855            738             86.32           100.00         
17   0.00           12.34          299            134830399      131072         0.012000       1709           1410            82.50           99.99          
16   0.00           16.95          882            185152260      65536          0.006000       3703           2821            76.18           99.98          
15   0.01           24.04          2618           262582859      32768          0.003000       7990           5372            67.23           99.96          
14   0.03           31.37          6215           342614622      16384          0.001500       15012          8797            58.60           99.92          
13   0.08           39.44          14073          430781923      8192           0.000750       31181          17108           54.87           99.83          
12   0.17           48.52          30856          529936010      4096           0.000375       57533          26677           46.37           99.69          
11   0.37           58.52          68336          639197195      2048           0.000188       109556         41220           37.62           99.41          
10   0.67           66.22          125433         723332284      1024           0.000094       186096         60663           32.60           99.00          
9    1.20           72.57          223551         792626351      512            0.000047       315399         91848           29.12           98.30          
8    2.28           78.95          424920         862356377      256            0.000023       556980         132060          23.71           97.01          
7    4.29           85.14          797270         929981090      128            0.000012       980870         183600          18.72           94.73          
6    6.78           89.06          1261091        972759349      64             0.000006       1540614        279523          18.14           91.72          
5    11.37          92.56          2116038        1010948971     32             0.000003       2456572        340534          13.86           86.80          
4    18.51          95.23          3443111        1040185189     16             0.000001       3857183        414072          10.74           79.27          
3    26.40          96.78          4911713        1057095144     8              0.000001       5927008        1015295         17.13           68.14          
2    45.07          98.52          8385274        1076070714     4              0.000000       8964399        579125          6.46            51.82          
1    69.74          99.48          12975402       1086606502     2              0.000000       13499225       523823          3.88            27.44          
0    100.00         100.00         18605097       1092236197     1              0.000000       18605097       0               0.00            0.00           

Distribution of CCT node calls as a fraction of the total number of calls N:

i    threshold t %          tN             # nodes >= tN  % nodes >= tN  HCCT size   1/t            1/e (e=t/10)   CCT overlap %  space saving % 1/e space saving %
0     100.00000000000000000 1092236197     0              0.000          0           1              10             0.000          100.000        100.000           
1      50.00000000000000000 546118098      0              0.000          0           2              20             0.000          100.000        100.000           
2      25.00000000000000000 273059049      0              0.000          0           4              40             0.000          100.000        100.000           
3      12.50000000000000000 136529524      0              0.000          0           8              80             0.000          100.000        100.000           
4       6.25000000000000000 68264762       0              0.000          0           16             160            0.000          100.000        99.999            
5       3.12500000000000000 34132381       0              0.000          0           32             320            0.000          100.000        99.998            
6       1.56250000000000000 17066190       1              0.000          58          64             640            2.894          100.000        99.997            
7       0.78125000000000000 8533095        2              0.000          80          128            1280           3.712          100.000        99.993            
8       0.39062500000000000 4266547        5              0.000          100         256            2560           4.753          99.999         99.986            
9       0.19531250000000000 2133273        6              0.000          101         512            5120           5.011          99.999         99.972            
10      0.09765625000000000 1066636        10             0.000          184         1024           10240          5.308          99.999         99.945            
11      0.04882812500000000 533318         41             0.000          302         2048           20480          7.369          99.998         99.890            
12      0.02441406250000000 266659         113            0.001          845         4096           40960          9.625          99.995         99.780            
13      0.01220703125000000 133329         277            0.001          1625        8192           81920          12.866         99.991         99.560            
14      0.00610351562500000 66664          750            0.004          3564        16384          163840         17.357         99.981         99.119            
15      0.00305175781250000 33332          2548           0.014          7891        32768          327680         24.997         99.958         98.239            
16      0.00152587890625000 16666          6186           0.033          14977       65536          655360         32.549         99.920         96.478            
17      0.00076293945312500 8333           13977          0.075          30966       131072         1310720        40.790*        99.834         92.955            
18      0.00038146972656250 4166           30606          0.165          56986       262144         2621440        49.778*        99.694         85.910            
19      0.00019073486328125 2083           67475          0.363          108455      524288         5242880        59.424*        99.417         71.820            
20      0.00009536743164062 1041           123823         0.666          184025      1048576        10485760       67.018         99.011         43.640            
21      0.00004768371582031 520            221604         1.191          313033      2097152        18605097       73.392         98.317         0.000             
22      0.00002384185791016 260            421627         2.266          552308      4194304        18605097       79.666         97.031         0.000             
23      0.00001192092895508 130            794854         4.272          970177      8388608        18605097       85.671         94.785         0.000             
24      0.00000596046447754 65             1261091        6.778          1516584     16777216       18605097       89.526         91.849         0.000             
25      0.00000298023223877 32             2116038        11.373         2456572     18605097       18605097       92.901         86.796         0.000             
26      0.00000149011611938 16             3443111        18.506         3857183     18605097       18605097       95.469         79.268         0.000             
27      0.00000074505805969 8              5431686        29.195         5927008     18605097       18605097       97.319         68.143         0.000             
28      0.00000037252902985 4              8385274        45.070         8964399     18605097       18605097       98.619         51.818         0.000             
29      0.00000018626451492 2              12975402       69.741         13499225    18605097       18605097       99.533         27.443         0.000             
30      0.00000009313225746 1              18605097       100.000        18605097    18605097       18605097       100.000        0.000          0.000             

Distribution of CCT node calls:

i    calls from     calls to       # nodes        % nodes       
0    1              1              5629695        30.3          
1    2              3              4590128        24.7          
2    4              7              3473561        18.7          
3    8              15             1468602        7.9           
4    16             31             1327073        7.1           
5    32             63             854947         4.6           
6    64             127            463821         2.5           
7    128            255            372350         2.0           
8    256            511            201369         1.1           
9    512            1023           98118          0.5           
10   1024           2047           57097          0.3           
11   2048           4095           37480          0.2           
12   4096           8191           16783          0.1           
13   8192           16383          7858           0.0           
14   16384          32767          3597           0.0           
15   32768          65535          1736           0.0           
16   65536          131071         583            0.0           
17   131072         262143         182            0.0           
18   262144         524287         75             0.0           
19   524288         1048575        32             0.0           
20   1048576        2097151        4              0.0           
21   2097152        4194303        1              0.0           
22   4194304        8388607        3              0.0           
23   8388608        16777215       1              0.0           
24   16777216       33554431       1              0.0           

Distribution of CCT node degrees:

i    degree from    degree to      # int. nodes   % int. nodes  
0    1              1              5166195        53.5          
1    2              3              3456806        35.8          
2    4              7              966259         10.0          
3    8              15             59707          0.6           
4    16             31             3842           0.0           
5    32             63             106            0.0           
6    64             127            8              0.0           
7    128            255            1              0.0           
