----------
Application: audacity - Thread ID: 0 - CALL_SITE = 0

Number of calls: 1621772691
Number of nodes of the CCT: 14544415
Number of leaves of the CCT: 6950856 (48%)
Number of internal nodes of the CCT: 7593559 (52%)

CCT maximum depth: 219
CCT average depth of a leaf: 93
CCT maximum degree: 215
CCT average degree of an internal node: 1.92
CCT average weighted degree of an internal node: 2.21

Minimum stack pointer value: 3213617912 (0xbf8beaf8)
Maximum stack pointer value: 3213727232 (0xbf8d9600)
Max stack size: 109320 bytes
Number of stack errors (SP of caller <= SP of callee): 0

Distribution of CCT node calls - aggregate (cct nodes accounting for given fractions of calls):

i    % nodes        % calls        # nodes        # calls        min node freq  (% of calls)   # HCCT nodes   # cold in HCCT  % cold in HCCT  space saving % 
21   0.00           2.55           18             41375109       2097152        0.129312       182            164             90.11           100.00         
20   0.00           7.14           58             115847459      1048576        0.064656       363            305             84.02           100.00         
19   0.00           12.06          168            195624197      524288         0.032328       818            650             79.46           99.99          
18   0.00           22.30          643            361697430      262144         0.016164       1671           1028            61.52           99.99          
17   0.01           26.11          979            423441778      131072         0.008082       2619           1640            62.62           99.98          
16   0.02           35.51          2540           575825471      65536          0.004041       5067           2527            49.87           99.97          
15   0.04           44.38          5681           719752878      32768          0.002021       9899           4218            42.61           99.93          
14   0.09           53.88          12582          873757396      16384          0.001010       19866          7284            36.67           99.86          
13   0.19           64.41          28175          1044615791     8192           0.000505       39271          11096           28.25           99.73          
12   0.33           71.43          47298          1158511218     4096           0.000253       66342          19044           28.71           99.54          
11   0.56           77.33          80866          1254177165     2048           0.000126       110404         29538           26.75           99.24          
10   0.91           81.92          132154         1328531698     1024           0.000063       178181         46027           25.83           98.77          
9    1.47           85.59          214148         1388084092     512            0.000032       285591         71443           25.02           98.04          
8    2.53           89.01          367441         1443498962     256            0.000016       474735         107294          22.60           96.74          
7    4.16           91.66          605170         1486508842     128            0.000008       767807         162637          21.18           94.72          
6    6.92           93.92          1006513        1523246972     64             0.000004       1254732        248219          19.78           91.37          
5    11.88          95.89          1728085        1555142692     32             0.000002       2022013        293928          14.54           86.10          
4    19.20          97.29          2793053        1577877841     16             0.000001       3166869        373816          11.80           78.23          
3    27.91          98.19          4059758        1592400170     8              0.000000       5063440        1003682         19.82           65.19          
2    50.02          99.27          7275530        1609933520     4              0.000000       7742518        466988          6.03            46.77          
1    75.50          99.78          10981040       1618209316     2              0.000000       11332775       351735          3.10            22.08          
0    100.00         100.00         14544415       1621772691     1              0.000000       14544415       0               0.00            0.00           

Distribution of CCT node calls as a fraction of the total number of calls N:

i    threshold t %          tN             # nodes >= tN  % nodes >= tN  HCCT size   1/t            1/e (e=t/10)   CCT overlap %  space saving % 1/e space saving %
0     100.00000000000000000 1621772691     0              0.000          0           1              10             0.000          100.000        100.000           
1      50.00000000000000000 810886345      0              0.000          0           2              20             0.000          100.000        100.000           
2      25.00000000000000000 405443172      0              0.000          0           4              40             0.000          100.000        100.000           
3      12.50000000000000000 202721586      0              0.000          0           8              80             0.000          100.000        99.999            
4       6.25000000000000000 101360793      0              0.000          0           16             160            0.000          100.000        99.999            
5       3.12500000000000000 50680396       0              0.000          0           32             320            0.000          100.000        99.998            
6       1.56250000000000000 25340198       0              0.000          0           64             640            0.000          100.000        99.996            
7       0.78125000000000000 12670099       0              0.000          0           128            1280           0.000          100.000        99.991            
8       0.39062500000000000 6335049        0              0.000          0           256            2560           0.000          100.000        99.982            
9       0.19531250000000000 3167524        0              0.000          0           512            5120           0.000          100.000        99.965            
10      0.09765625000000000 1583762        51             0.000          216         1024           10240          7.706          99.999         99.930            
11      0.04882812500000000 791881         90             0.001          406         2048           20480          9.999          99.997         99.859            
12      0.02441406250000000 395940         255            0.002          1114        4096           40960          15.964         99.992         99.718            
13      0.01220703125000000 197970         768            0.005          2039        8192           81920          25.080         99.986         99.437            
14      0.00610351562500000 98985          1609           0.011          3647        16384          163840         32.103         99.975         98.874            
15      0.00305175781250000 49492          3812           0.026          6968        32768          327680         41.148         99.952         97.747            
16      0.00152587890625000 24746          7865           0.054          13154       65536          655360         49.580         99.910         95.494            
17      0.00076293945312500 12373          16379          0.113          24936       131072         1310720        58.574         99.829         90.988            
18      0.00038146972656250 6186           36489          0.251          50942       262144         2621440        68.840         99.650         81.976            
19      0.00019073486328125 3093           56943          0.392          79887       524288         5242880        74.274         99.451         63.953            
20      0.00009536743164062 1546           99224          0.682          134781      1048576        10485760       79.943         99.073         27.905            
21      0.00004768371582031 773            164424         1.130          220350      2097152        14544415       84.170         98.485         0.000             
22      0.00002384185791016 386            271883         1.869          355451      4194304        14544415       87.586         97.556         0.000             
23      0.00001192092895508 193            457028         3.142          582685      8388608        14544415       90.579         95.994         0.000             
24      0.00000596046447754 96             772630         5.312          955263      14544415       14544415       93.089         93.432         0.000             
25      0.00000298023223877 48             1276708        8.778          1532229     14544415       14544415       95.069         89.465         0.000             
26      0.00000149011611938 24             2116332        14.551         2450962     14544415       14544415       96.701         83.148         0.000             
27      0.00000074505805969 12             3463529        23.813         3871474     14544415       14544415       97.957         73.382         0.000             
28      0.00000037252902985 6              5518144        37.940         5982434     14544415       14544415       98.891         58.868         0.000             
29      0.00000018626451492 3              8140306        55.969         8589351     14544415       14544415       99.473         40.944         0.000             
30      0.00000009313225746 1              14544415       100.000        14544415    14544415       14544415       100.000        0.000          0.000             

Distribution of CCT node calls:

i    calls from     calls to       # nodes        % nodes       
0    1              1              3563375        24.5          
1    2              3              3705510        25.5          
2    4              7              3215772        22.1          
3    8              15             1266705        8.7           
4    16             31             1064968        7.3           
5    32             63             721572         5.0           
6    64             127            401343         2.8           
7    128            255            237729         1.6           
8    256            511            153293         1.1           
9    512            1023           81994          0.6           
10   1024           2047           51288          0.4           
11   2048           4095           33568          0.2           
12   4096           8191           19123          0.1           
13   8192           16383          15593          0.1           
14   16384          32767          6901           0.0           
15   32768          65535          3141           0.0           
16   65536          131071         1561           0.0           
17   131072         262143         336            0.0           
18   262144         524287         475            0.0           
19   524288         1048575        110            0.0           
20   1048576        2097151        40             0.0           
21   2097152        4194303        18             0.0           

Distribution of CCT node degrees:

i    degree from    degree to      # int. nodes   % int. nodes  
0    1              1              3975159        52.3          
1    2              3              2819975        37.1          
2    4              7              749733         9.9           
3    8              15             46154          0.6           
4    16             31             2520           0.0           
5    32             63             13             0.0           
6    64             127            2              0.0           
7    128            255            3              0.0           
